-------------------------------------------------------------------------------
Test set: com.example.newApi.NewApiApplicationTests
-------------------------------------------------------------------------------
Tests run: 1, Failures: 0, Errors: 1, Skipped: 0, Time elapsed: 0.443 s <<< FAILURE! - in com.example.newApi.NewApiApplicationTests
contextLoads  Time elapsed: 0 s  <<< ERROR!
java.lang.IllegalStateException: Failed to load ApplicationContext
Caused by: org.springframework.beans.factory.BeanDefinitionStoreException: Failed to process import candidates for configuration class [com.example.newApi.NewApiApplication]; nested exception is java.lang.IllegalStateException: Failed to introspect annotated methods on class io.prometheus.client.spring.boot.PrometheusEndpointConfiguration
Caused by: java.lang.IllegalStateException: Failed to introspect annotated methods on class io.prometheus.client.spring.boot.PrometheusEndpointConfiguration
Caused by: java.lang.IllegalStateException: Failed to introspect Class [io.prometheus.client.spring.boot.PrometheusEndpointConfiguration] from ClassLoader [jdk.internal.loader.ClassLoaders$AppClassLoader@7e32c033]
Caused by: java.lang.NoClassDefFoundError: org/springframework/boot/actuate/endpoint/AbstractEndpoint
Caused by: java.lang.ClassNotFoundException: org.springframework.boot.actuate.endpoint.AbstractEndpoint

